2025-05-20 16:22:04 - Starting idle_delay.sh script.
2025-05-20 16:22:04 - Running as root.
2025-05-20 16:22:04 - Checking for environment file...
2025-05-20 16:22:04 - ENV_FILE not defined, using default: features/../.env
2025-05-20 16:22:04 - Checking if environment file exists at: features/../.env
2025-05-20 16:22:04 - Sourcing environment file: features/../.env
2025-05-20 16:22:04 - Environment file sourced successfully. TEMPLATE_DIR=/opt/kiosk/templates
2025-05-20 16:22:04 - Creating system-wide dconf override for idle-delay...
2025-05-20 16:22:04 - Creating dconf profile directory /etc/dconf/profile...
2025-05-20 16:22:04 - Creating system profile at /etc/dconf/profile/user...
2025-05-20 16:22:04 - Creating local database directory /etc/dconf/db/local.d...
2025-05-20 16:22:04 - Creating settings file /etc/dconf/db/local.d/00-idle-delay...
2025-05-20 16:22:04 - Creating locks directory /etc/dconf/db/local.d/locks...
2025-05-20 16:22:04 - Creating locks file /etc/dconf/db/local.d/locks/idle-delay...
2025-05-20 16:22:04 - Updating dconf database...
2025-05-20 16:22:04 - Updated dconf database with idle-delay settings.
2025-05-20 16:22:04 - Creating site-wide dconf override directory /etc/dconf/db/site.d...
2025-05-20 16:22:04 - Creating site-wide settings file /etc/dconf/db/site.d/00-no-idle...
2025-05-20 16:22:04 - Updating dconf database again for site settings...
2025-05-20 16:22:05 - Dconf database updated for site settings.
2025-05-20 16:22:05 - Creating user-level systemd service directory: /opt/kiosk/templates/.config/systemd/user...
2025-05-20 16:22:05 - Creating user-level systemd service file: /opt/kiosk/templates/.config/systemd/user/kiosk-idle-delay.service...
2025-05-20 16:22:05 - User-level systemd service for idle delay created.
2025-05-20 16:22:05 - Creating login script /etc/profile.d/apply-idle-delay.sh...
2025-05-20 16:22:05 - Login script /etc/profile.d/apply-idle-delay.sh created and made executable.
2025-05-20 16:22:05 - Creating system-level systemd service /etc/systemd/system/idle-delay-settings.service...
2025-05-20 16:22:05 - System-level systemd service definition created.
2025-05-20 16:22:05 - Enabling system-level idle-delay-settings.service...
2025-05-20 16:22:05 - System-level idle-delay-settings.service enabled.
2025-05-20 16:22:05 - Idle delay settings have been configured successfully.
