2025-05-20 17:06:42 - persistent_dconf_settings.sh: Script started.
2025-05-20 17:06:42 - Setting persistent dconf settings for user kiosk
2025-05-20 17:06:42 - Running dconf settings script /tmp/dconf_settings_kiosk_8192.sh as kiosk (UID 1001)...
Tue May 20 05:06:42 PM MST 2025: Failed: gsettings set org.gnome.desktop.session idle-delay 0
Tue May 20 05:06:42 PM MST 2025: Failed: dconf write /org/gnome/desktop/session/idle-delay
Tue May 20 05:06:42 PM MST 2025: Failed: gsettings set org.gnome.desktop.lockdown disable-lock-screen
Tue May 20 05:06:42 PM MST 2025: Failed: dconf write /org/gnome/desktop/lockdown/disable-lock-screen
Tue May 20 05:06:42 PM MST 2025: Failed: gsettings set org.gnome.desktop.screensaver lock-enabled
Tue May 20 05:06:42 PM MST 2025: Failed: dconf write /org/gnome/desktop/screensaver/lock-enabled
Tue May 20 05:06:42 PM MST 2025: Failed: gsettings set org.gnome.desktop.screensaver idle-activation-enabled
Tue May 20 05:06:42 PM MST 2025: Failed: dconf write /org/gnome/desktop/screensaver/idle-activation-enabled
Tue May 20 05:06:42 PM MST 2025: Failed: gsettings set org.gnome.settings-daemon.plugins.power idle-dim
Tue May 20 05:06:42 PM MST 2025: Failed: dconf write /org/gnome/settings-daemon/plugins/power/idle-dim
Tue May 20 05:06:42 PM MST 2025: Failed: gsettings set sleep-display-ac
Tue May 20 05:06:42 PM MST 2025: Failed: dconf write sleep-display-ac
Tue May 20 05:06:42 PM MST 2025: Failed: gsettings set sleep-display-battery
Tue May 20 05:06:42 PM MST 2025: Failed: dconf write sleep-display-battery
Tue May 20 05:06:42 PM MST 2025: Failed: gsettings set sleep-inactive-ac-type
Tue May 20 05:06:42 PM MST 2025: Failed: dconf write sleep-inactive-ac-type
Tue May 20 05:06:42 PM MST 2025: Failed: gsettings set sleep-inactive-battery-type
Tue May 20 05:06:42 PM MST 2025: Failed: dconf write sleep-inactive-battery-type
Tue May 20 05:06:42 PM MST 2025: Note: Failed/Skipped gsettings set com.zorin.desktop.screensaver lock-enabled (may not exist)
Tue May 20 05:06:42 PM MST 2025: Note: Failed/Skipped dconf write /com/zorin/desktop/screensaver/lock-enabled (may not exist)
Tue May 20 05:06:42 PM MST 2025: Note: Failed/Skipped gsettings set com.zorin.desktop.session idle-delay (may not exist)
Tue May 20 05:06:42 PM MST 2025: Note: Failed/Skipped dconf write /com/zorin/desktop/session/idle-delay (may not exist)
Tue May 20 05:06:42 PM MST 2025: Inner dconf/gsettings script finished for user kiosk.
2025-05-20 17:06:42 - Completed dconf settings application attempt for kiosk.
2025-05-20 17:06:42 - Creating system-wide dconf overrides...
2025-05-20 17:06:42 - Ensured dconf profile directory /etc/dconf/profile exists.
2025-05-20 17:06:42 - Created/updated dconf user profile /etc/dconf/profile/user.
2025-05-20 17:06:42 - Ensured dconf local database directory /etc/dconf/db/local.d exists.
2025-05-20 17:06:42 - Created dconf settings file /etc/dconf/db/local.d/00-kiosk-defaults.
2025-05-20 17:06:42 - Ensured dconf locks directory /etc/dconf/db/local.d/locks exists.
2025-05-20 17:06:42 - Created dconf locks file /etc/dconf/db/local.d/locks/00-kiosk-locks.
2025-05-20 17:06:42 - Updated dconf database with system-wide settings and locks.
2025-05-20 17:06:42 - persistent_dconf_settings.sh: Script completed successfully.
