=== Kiosk Uninstall Log Tue May 20 04:20:08 PM MST 2025 ===
Command: /home/alocalbox/zorin_kiosk/features/uninstall.sh 
----------------------------------------
[DEBUG] 2025-05-20 16:20:08 - Checking for environment file
[DEBUG] 2025-05-20 16:20:08 - ENV_FILE not defined, using default: /home/alocalbox/zorin_kiosk/features/../.env
[DEBUG] 2025-05-20 16:20:08 - Checking if environment file exists at: /home/alocalbox/zorin_kiosk/features/../.env
[DEBUG] 2025-05-20 16:20:08 - Sourcing environment file: /home/alocalbox/zorin_kiosk/features/../.env
[DEBUG] 2025-05-20 16:20:08 - Environment file sourced successfully
[INFO] 2025-05-20 16:20:08 - Starting uninstallation of ZorinOS Kiosk setup...
[WARNING] 2025-05-20 16:20:08 - This will remove all kiosk-related configurations and services.
[WARNING] 2025-05-20 16:20:08 - You will be asked if you want to remove the kiosk user account.
[INFO] 2025-05-20 16:20:11 - Disabling and removing systemd services...
[INFO] 2025-05-20 16:20:11 - Stopping all kiosk-related services...
[DEBUG] 2025-05-20 16:20:11 - Stopping firefox-ownership-fix.service
[DEBUG] 2025-05-20 16:20:11 - Stopping firefox-periodic-fix.timer
[DEBUG] 2025-05-20 16:20:11 - Stopping var-ownership-fix.service
[DEBUG] 2025-05-20 16:20:11 - Disabling all kiosk-related services...
[DEBUG] 2025-05-20 16:20:11 - Disabling firefox-ownership-fix.service
[DEBUG] 2025-05-20 16:20:12 - Disabling firefox-periodic-fix.timer
[DEBUG] 2025-05-20 16:20:12 - Disabling var-ownership-fix.service
[DEBUG] 2025-05-20 16:20:12 - Removing service files...
